<?xml version="1.0" encoding="UTF-8"?>
<!-- Generated by org.testng.reporters.JUnitReportReporter -->
<testsuite hostname="LAPTOP-90DM2654" failures="0" tests="7" name="com.fb.qa.testcases.LoginPageTest" time="44.615" errors="0" timestamp="2022-09-05T11:49:34 IST" skipped="0">
  <testcase classname="com.fb.qa.testcases.LoginPageTest" name="multipleLoginTest" time="7.225"/>
  <system-out/>
  <testcase classname="com.fb.qa.testcases.LoginPageTest" name="multipleLoginTest" time="9.647"/>
  <system-out/>
  <testcase classname="com.fb.qa.testcases.LoginPageTest" name="multipleLoginTest" time="7.559"/>
  <system-out/>
  <testcase classname="com.fb.qa.testcases.LoginPageTest" name="multipleLoginTest" time="7.428"/>
  <system-out/>
  <testcase classname="com.fb.qa.testcases.LoginPageTest" name="LoginPageTitleTest" time="3.864"/>
  <system-out/>
  <testcase classname="com.fb.qa.testcases.LoginPageTest" name="FB_logoTest" time="4.066"/>
  <system-out/>
  <testcase classname="com.fb.qa.testcases.LoginPageTest" name="loginTest" time="4.826"/>
  <system-out/>
</testsuite> <!-- com.fb.qa.testcases.LoginPageTest -->
