<?xml version="1.0" encoding="UTF-8"?>
<!-- Generated by org.testng.reporters.JUnitReportReporter -->
<testsuite hostname="LAPTOP-90DM2654" failures="0" tests="7" name="com.fb.qa.testcases.LoginPageTest" time="31.829" errors="0" timestamp="2022-09-06T09:04:21 IST" skipped="0">
  <testcase classname="com.fb.qa.testcases.LoginPageTest" name="multipleLoginTest" time="5.467"/>
  <system-out/>
  <testcase classname="com.fb.qa.testcases.LoginPageTest" name="multipleLoginTest" time="5.640"/>
  <system-out/>
  <testcase classname="com.fb.qa.testcases.LoginPageTest" name="multipleLoginTest" time="5.431"/>
  <system-out/>
  <testcase classname="com.fb.qa.testcases.LoginPageTest" name="multipleLoginTest" time="5.825"/>
  <system-out/>
  <testcase classname="com.fb.qa.testcases.LoginPageTest" name="LoginPageTitleTest" time="4.838"/>
  <system-out/>
  <testcase classname="com.fb.qa.testcases.LoginPageTest" name="FB_logoTest" time="2.253"/>
  <system-out/>
  <testcase classname="com.fb.qa.testcases.LoginPageTest" name="loginTest" time="2.375"/>
  <system-out/>
</testsuite> <!-- com.fb.qa.testcases.LoginPageTest -->
