<?xml version="1.0" encoding="UTF-8"?>
<!-- Generated by org.testng.reporters.JUnitReportReporter -->
<testsuite hostname="LAPTOP-90DM2654" failures="0" tests="2" name="com.fb.qa.testcases.SignUpTest" time="5.715" errors="0" timestamp="2022-09-06T09:04:21 IST" skipped="0">
  <testcase classname="com.fb.qa.testcases.SignUpTest" name="signUpPageTitleTest" time="2.241"/>
  <system-out/>
  <testcase classname="com.fb.qa.testcases.SignUpTest" name="SignUpTest" time="3.474"/>
  <system-out/>
</testsuite> <!-- com.fb.qa.testcases.SignUpTest -->
